<?xml version="1.0" encoding="UTF-8"?>
<testsuite name="com.gildedrose.СompareText" tests="1" skipped="0" failures="0" errors="0" timestamp="2024-11-16T01:18:14" hostname="DESKTOP-5MLKVOF" time="0.015">
  <properties/>
  <testcase name="testOutputMatchesExpected()" classname="com.gildedrose.СompareText" time="0.015"/>
  <system-out><![CDATA[]]></system-out>
  <system-err><![CDATA[]]></system-err>
</testsuite>
