<?xml version="1.0" encoding="UTF-8"?>
<testsuite name="com.gildedrose.GildedRoseTest" tests="1" skipped="0" failures="0" errors="0" timestamp="2024-11-15T23:30:10" hostname="DESKTOP-5MLKVOF" time="0.016">
  <properties/>
  <testcase name="foo()" classname="com.gildedrose.GildedRoseTest" time="0.016"/>
  <system-out><![CDATA[]]></system-out>
  <system-err><![CDATA[]]></system-err>
</testsuite>
